Arguments: 
  C:\Program Files\nodejs\node.exe C:\Program Files (x86)\Yarn\bin\yarn.js add --dev ts-node-dev

PATH: 
  C:\Users\saad srabon\bin;C:\Program Files\Git\mingw64\bin;C:\Program Files\Git\usr\local\bin;C:\Program Files\Git\usr\bin;C:\Program Files\Git\usr\bin;C:\Program Files\Git\mingw64\bin;C:\Program Files\Git\usr\bin;C:\Users\saad srabon\bin;C:\Python312\Scripts;C:\Python312;C:\Program Files\Microsoft\jdk-11.0.20.8-hotspot\bin;C:\Python312\Scripts;C:\Python312;C:\Program Files\Microsoft\jdk-11.0.20.8-hotspot\bin;C:\Python312\Scripts;C:\Python312;C:\Program Files\Microsoft\jdk-11.0.20.8-hotspot\bin;C:\WINDOWS\System32;C:\ProgramData\chocolatey\bin;C:\Program Files\nodejs;C:\Program Files (x86)\Yarn\bin;C:\ProgramData\chocolatey\bin;C:\Program Files\nodejs;C:\Program Files (x86)\Yarn\bin;C:\ProgramData\chocolatey\bin;C:\Program Files\nodejs;C:\Program Files (x86)\Yarn\bin;C:\Users\saad srabon\AppData\Local\Microsoft\WindowsApps;C:\Users\saad srabon\AppData\Local\Programs\Microsoft VS Code\bin;C:\Users\saad srabon\AppData\Roaming\nvm;C:\Program Files\nodejs;C:\Program Files\heroku\bin;D:\New folder\flutter_windows_3.13.6-stable\flutter\bin;C:\Users\saad srabon\AppData\Roaming\nvm;C:\Users\saad srabon\AppData\Roaming\npm;C:\Users\saad srabon\AppData\Local\Yarn\bin;C:\Program Files\Git\usr\bin\vendor_perl;C:\Program Files\Git\usr\bin\core_perl

Yarn version: 
  1.22.19

Node version: 
  20.10.0

Platform: 
  win32 x64

Trace: 
  Error: EPERM: operation not permitted, unlink 'D:\Projects Files\lgh-backend\node_modules\bcrypt\lib\binding\napi-v3\bcrypt_lib.node'

npm manifest: 
  {
    "name": "lomie-g-heard",
    "version": "1.0.0",
    "description": "",
    "main": "src/server.ts",
    "scripts": {
      "dev": "ts-node-dev --respawn --transpile-only src/server.ts",
      "start": "node ./dist/server.js",
      "build": "rimraf dist && tsc",
      "ts.check": "tsc --project tsconfig.json",
      "add-build": "git add dist",
      "lint:check": "eslint --ignore-path .eslintignore --ext .js,.ts .",
      "lint:fix": "lint --fix",
      "prettier:format": "prettier --ignore-path .gitignore --write \"**/*.+(js|ts|json)\"",
      "lint-prettier": "yarn lint:check && yarn prettier:format",
      "test": "echo \"Error: no test specified\" && exit 1"
    },
    "lint-staged": {
      "src/**/*.ts": "yarn lint-prettier"
    },
    "keywords": [],
    "pre-commit": [
      "ts.check",
      "build",
      "add-build"
    ],
    "author": "",
    "license": "ISC",
    "devDependencies": {
      "@types/cors": "^2.8.13",
      "@types/express": "^4.17.17",
      "@types/nodemailer": "^6.4.13",
      "@typescript-eslint/eslint-plugin": "^5.59.7",
      "@typescript-eslint/parser": "^5.59.7",
      "eslint-config-prettier": "^8.8.0",
      "husky": "^8.0.3",
      "lint-staged": "^13.2.2",
      "prettier": "^2.8.8",
      "ts-node-dev": "^2.0.0",
      "typescript": "^5.0.4"
    },
    "dependencies": {
      "@react-email/render": "^0.0.10",
      "@types/bcrypt": "^5.0.2",
      "bcrypt": "^5.1.1",
      "cors": "^2.8.5",
      "dotenv": "^16.0.3",
      "eslint": "^8.41.0",
      "express": "^4.18.2",
      "http-status": "^1.6.2",
      "mongoose": "^7.2.1",
      "nodemailer": "^6.9.7",
    
      "zod": "^3.21.4"
    }
  }

yarn manifest: 
  No manifest

Lockfile: 
  No lockfile
